Started by GitHub push by mrasto
Running in Durability level: MAX_SURVIVABILITY
[Pipeline] Start of Pipeline
[Pipeline] node
Running on Jenkins in /var/lib/jenkins/workspace/case-study-pipeline
[Pipeline] {
[Pipeline] stage
[Pipeline] { (Preparation)
[Pipeline] echo
Preparing the Jenkins environment with required tools...
[Pipeline] tool
[Pipeline] tool
[Pipeline] }
[Pipeline] // stage
[Pipeline] stage
[Pipeline] { (git checkout)
[Pipeline] echo
Checking out the code from git repository...
[Pipeline] git
The recommended git tool is: NONE
No credentials specified
Cloning the remote Git repository
Cloning repository https://github.com/mrasto/batch10.git
 > git init /var/lib/jenkins/workspace/case-study-pipeline # timeout=10
Fetching upstream changes from https://github.com/mrasto/batch10.git
 > git --version # timeout=10
 > git --version # 'git version 2.25.1'
 > git fetch --tags --force --progress -- https://github.com/mrasto/batch10.git +refs/heads/*:refs/remotes/origin/* # timeout=10
 > git config remote.origin.url https://github.com/mrasto/batch10.git # timeout=10
 > git config --add remote.origin.fetch +refs/heads/*:refs/remotes/origin/* # timeout=10
Avoid second fetch
 > git rev-parse refs/remotes/origin/master^{commit} # timeout=10
Checking out Revision d6e93207e288669c71d0d35619265d2683e5e7cb (refs/remotes/origin/master)
 > git config core.sparsecheckout # timeout=10
 > git checkout -f d6e93207e288669c71d0d35619265d2683e5e7cb # timeout=10
 > git branch -a -v --no-abbrev # timeout=10
 > git checkout -b master d6e93207e288669c71d0d35619265d2683e5e7cb # timeout=10
Commit message: "Update Jenkinsfile"
 > git rev-list --no-walk 16e9e0fb3b7764a6987e354c2d934b935c609235 # timeout=10
[Pipeline] }
[Pipeline] // stage
[Pipeline] stage
[Pipeline] { (Build, Test and Package)
[Pipeline] echo
Building the addressbook application...
[Pipeline] sh
+ /var/lib/jenkins/tools/hudson.tasks.Maven_MavenInstallation/maven-3/bin/mvn clean package
[INFO] Scanning for projects...
[INFO] 
[INFO] -----------------------< com.casestudy:bootcamp >-----------------------
[INFO] Building bootcamp 0.0.1-SNAPSHOT
[INFO] --------------------------------[ jar ]---------------------------------
[INFO] 
[INFO] --- maven-clean-plugin:3.1.0:clean (default-clean) @ bootcamp ---
[INFO] 
[INFO] --- maven-resources-plugin:3.1.0:resources (default-resources) @ bootcamp ---
[INFO] Using 'UTF-8' encoding to copy filtered resources.
[INFO] Copying 1 resource
[INFO] Copying 1 resource
[INFO] 
[INFO] --- maven-compiler-plugin:3.8.1:compile (default-compile) @ bootcamp ---
[INFO] Changes detected - recompiling the module!
[INFO] Compiling 2 source files to /var/lib/jenkins/workspace/case-study-pipeline/target/classes
[INFO] 
[INFO] --- maven-resources-plugin:3.1.0:testResources (default-testResources) @ bootcamp ---
[INFO] Using 'UTF-8' encoding to copy filtered resources.
[INFO] skip non existing resourceDirectory /var/lib/jenkins/workspace/case-study-pipeline/src/test/resources
[INFO] 
[INFO] --- maven-compiler-plugin:3.8.1:testCompile (default-testCompile) @ bootcamp ---
[INFO] Changes detected - recompiling the module!
[INFO] Compiling 1 source file to /var/lib/jenkins/workspace/case-study-pipeline/target/test-classes
[INFO] 
[INFO] --- maven-surefire-plugin:2.22.2:test (default-test) @ bootcamp ---
[INFO] 
[INFO] -------------------------------------------------------
[INFO]  T E S T S
[INFO] -------------------------------------------------------
[INFO] Running com.TestMessageController
21:14:49.999 [main] DEBUG org.springframework.test.context.BootstrapUtils - Instantiating CacheAwareContextLoaderDelegate from class [org.springframework.test.context.cache.DefaultCacheAwareContextLoaderDelegate]
21:14:50.029 [main] DEBUG org.springframework.test.context.BootstrapUtils - Instantiating BootstrapContext using constructor [public org.springframework.test.context.support.DefaultBootstrapContext(java.lang.Class,org.springframework.test.context.CacheAwareContextLoaderDelegate)]
21:14:50.046 [main] DEBUG org.springframework.test.context.BootstrapUtils - Instantiating TestContextBootstrapper for test class [com.TestMessageController] from class [org.springframework.boot.test.context.SpringBootTestContextBootstrapper]
21:14:50.058 [main] INFO org.springframework.boot.test.context.SpringBootTestContextBootstrapper - Neither @ContextConfiguration nor @ContextHierarchy found for test class [com.TestMessageController], using SpringBootContextLoader
21:14:50.061 [main] DEBUG org.springframework.test.context.support.AbstractContextLoader - Did not detect default resource location for test class [com.TestMessageController]: class path resource [com/TestMessageController-context.xml] does not exist
21:14:50.061 [main] DEBUG org.springframework.test.context.support.AbstractContextLoader - Did not detect default resource location for test class [com.TestMessageController]: class path resource [com/TestMessageControllerContext.groovy] does not exist
21:14:50.062 [main] INFO org.springframework.test.context.support.AbstractContextLoader - Could not detect default resource locations for test class [com.TestMessageController]: no resource found for suffixes {-context.xml, Context.groovy}.
21:14:50.062 [main] INFO org.springframework.test.context.support.AnnotationConfigContextLoaderUtils - Could not detect default configuration classes for test class [com.TestMessageController]: TestMessageController does not declare any static, non-private, non-final, nested classes annotated with @Configuration.
21:14:50.098 [main] DEBUG org.springframework.test.context.support.ActiveProfilesUtils - Could not find an 'annotation declaring class' for annotation type [org.springframework.test.context.ActiveProfiles] and class [com.TestMessageController]
21:14:50.188 [main] DEBUG org.springframework.context.annotation.ClassPathScanningCandidateComponentProvider - Identified candidate component class: file [/var/lib/jenkins/workspace/case-study-pipeline/target/classes/com/Application.class]
21:14:50.193 [main] INFO org.springframework.boot.test.context.SpringBootTestContextBootstrapper - Found @SpringBootConfiguration com.Application for test class com.TestMessageController
21:14:50.297 [main] DEBUG org.springframework.boot.test.context.SpringBootTestContextBootstrapper - @TestExecutionListeners is not present for class [com.TestMessageController]: using defaults.
21:14:50.297 [main] INFO org.springframework.boot.test.context.SpringBootTestContextBootstrapper - Loaded default TestExecutionListener class names from location [META-INF/spring.factories]: [org.springframework.boot.test.mock.mockito.MockitoTestExecutionListener, org.springframework.boot.test.mock.mockito.ResetMocksTestExecutionListener, org.springframework.boot.test.autoconfigure.restdocs.RestDocsTestExecutionListener, org.springframework.boot.test.autoconfigure.web.client.MockRestServiceServerResetTestExecutionListener, org.springframework.boot.test.autoconfigure.web.servlet.MockMvcPrintOnlyOnFailureTestExecutionListener, org.springframework.boot.test.autoconfigure.web.servlet.WebDriverTestExecutionListener, org.springframework.test.context.web.ServletTestExecutionListener, org.springframework.test.context.support.DirtiesContextBeforeModesTestExecutionListener, org.springframework.test.context.support.DependencyInjectionTestExecutionListener, org.springframework.test.context.support.DirtiesContextTestExecutionListener, org.springframework.test.context.transaction.TransactionalTestExecutionListener, org.springframework.test.context.jdbc.SqlScriptsTestExecutionListener]
21:14:50.308 [main] DEBUG org.springframework.boot.test.context.SpringBootTestContextBootstrapper - Skipping candidate TestExecutionListener [org.springframework.test.context.transaction.TransactionalTestExecutionListener] due to a missing dependency. Specify custom listener classes or make the default listener classes and their required dependencies available. Offending class: [org/springframework/transaction/TransactionDefinition]
21:14:50.308 [main] DEBUG org.springframework.boot.test.context.SpringBootTestContextBootstrapper - Skipping candidate TestExecutionListener [org.springframework.test.context.jdbc.SqlScriptsTestExecutionListener] due to a missing dependency. Specify custom listener classes or make the default listener classes and their required dependencies available. Offending class: [org/springframework/transaction/interceptor/TransactionAttribute]
21:14:50.308 [main] INFO org.springframework.boot.test.context.SpringBootTestContextBootstrapper - Using TestExecutionListeners: [org.springframework.test.context.web.ServletTestExecutionListener@7c1e2a9e, org.springframework.test.context.support.DirtiesContextBeforeModesTestExecutionListener@fa36558, org.springframework.boot.test.mock.mockito.MockitoTestExecutionListener@672872e1, org.springframework.boot.test.autoconfigure.SpringBootDependencyInjectionTestExecutionListener@32910148, org.springframework.test.context.support.DirtiesContextTestExecutionListener@3f56875e, org.springframework.boot.test.mock.mockito.ResetMocksTestExecutionListener@2b4bac49, org.springframework.boot.test.autoconfigure.restdocs.RestDocsTestExecutionListener@fd07cbb, org.springframework.boot.test.autoconfigure.web.client.MockRestServiceServerResetTestExecutionListener@3571b748, org.springframework.boot.test.autoconfigure.web.servlet.MockMvcPrintOnlyOnFailureTestExecutionListener@3e96bacf, org.springframework.boot.test.autoconfigure.web.servlet.WebDriverTestExecutionListener@484970b0]
21:14:50.312 [main] DEBUG org.springframework.test.context.support.AbstractDirtiesContextTestExecutionListener - Before test class: context [DefaultTestContext@45ca843 testClass = TestMessageController, testInstance = [null], testMethod = [null], testException = [null], mergedContextConfiguration = [WebMergedContextConfiguration@11c9af63 testClass = TestMessageController, locations = '{}', classes = '{class com.Application}', contextInitializerClasses = '[]', activeProfiles = '{}', propertySourceLocations = '{}', propertySourceProperties = '{org.springframework.boot.test.context.SpringBootTestContextBootstrapper=true}', contextCustomizers = set[org.springframework.boot.test.context.filter.ExcludeFilterContextCustomizer@52aa2946, org.springframework.boot.test.json.DuplicateJsonObjectContextCustomizerFactory$DuplicateJsonObjectContextCustomizer@5d47c63f, org.springframework.boot.test.mock.mockito.MockitoContextCustomizer@0, org.springframework.boot.test.web.client.TestRestTemplateContextCustomizer@20d3d15a, org.springframework.boot.test.autoconfigure.properties.PropertyMappingContextCustomizer@0, org.springframework.boot.test.autoconfigure.web.servlet.WebDriverContextCustomizerFactory$Customizer@358c99f5], resourceBasePath = 'src/main/webapp', contextLoader = 'org.springframework.boot.test.context.SpringBootContextLoader', parent = [null]], attributes = map['org.springframework.test.context.web.ServletTestExecutionListener.activateListener' -> true]], class annotated with @DirtiesContext [false] with mode [null].
21:14:50.348 [main] DEBUG org.springframework.test.context.support.TestPropertySourceUtils - Adding inlined properties to environment: {spring.jmx.enabled=false, org.springframework.boot.test.context.SpringBootTestContextBootstrapper=true, server.port=-1}

  .   ____          _            __ _ _
 /\\ / ___'_ __ _ _(_)_ __  __ _ \ \ \ \
( ( )\___ | '_ | '_| | '_ \/ _` | \ \ \ \
 \\/  ___)| |_)| | | | | || (_| |  ) ) ) )
  '  |____| .__|_| |_|_| |_\__, | / / / /
 =========|_|==============|___/=/_/_/_/
 :: Spring Boot ::        (v2.1.7.RELEASE)

2021-06-04 21:14:50.675  INFO 31983 --- [           main] com.TestMessageController                : Starting TestMessageController on ansivle-devops with PID 31983 (started by jenkins in /var/lib/jenkins/workspace/case-study-pipeline)
2021-06-04 21:14:50.686  INFO 31983 --- [           main] com.TestMessageController                : No active profile set, falling back to default profiles: default
2021-06-04 21:14:53.234  INFO 31983 --- [           main] o.s.s.concurrent.ThreadPoolTaskExecutor  : Initializing ExecutorService 'applicationTaskExecutor'
2021-06-04 21:14:53.349  INFO 31983 --- [           main] o.s.b.a.w.s.WelcomePageHandlerMapping    : Adding welcome page: class path resource [static/index.html]
2021-06-04 21:14:53.586  INFO 31983 --- [           main] com.TestMessageController                : Started TestMessageController in 3.229 seconds (JVM running for 4.21)
2021-06-04 21:14:53.819  INFO 31983 --- [           main] com.MessageController                    : hello, its an info
2021-06-04 21:14:53.837  INFO 31983 --- [           main] com.MessageController                    : hello from test app1
[INFO] Tests run: 2, Failures: 0, Errors: 0, Skipped: 0, Time elapsed: 3.935 s - in com.TestMessageController
2021-06-04 21:14:53.910  INFO 31983 --- [       Thread-2] o.s.s.concurrent.ThreadPoolTaskExecutor  : Shutting down ExecutorService 'applicationTaskExecutor'
[INFO] 
[INFO] Results:
[INFO] 
[INFO] Tests run: 2, Failures: 0, Errors: 0, Skipped: 0
[INFO] 
[INFO] 
[INFO] --- maven-jar-plugin:3.1.2:jar (default-jar) @ bootcamp ---
[INFO] Building jar: /var/lib/jenkins/workspace/case-study-pipeline/target/bootcamp-0.0.1-SNAPSHOT.jar
[INFO] 
[INFO] --- spring-boot-maven-plugin:2.1.7.RELEASE:repackage (repackage) @ bootcamp ---
[INFO] Replacing main artifact with repackaged archive
[INFO] 
[INFO] --- spring-boot-maven-plugin:2.1.7.RELEASE:repackage (default) @ bootcamp ---
[INFO] Replacing main artifact with repackaged archive
[INFO] ------------------------------------------------------------------------
[INFO] BUILD SUCCESS
[INFO] ------------------------------------------------------------------------
[INFO] Total time:  8.047 s
[INFO] Finished at: 2021-06-04T21:14:54Z
[INFO] ------------------------------------------------------------------------
[Pipeline] }
[Pipeline] // stage
[Pipeline] stage
[Pipeline] { (Sonar Scan)
[Pipeline] echo
Scanning application for vulnerabilities...
[Pipeline] sh
+ /var/lib/jenkins/tools/hudson.tasks.Maven_MavenInstallation/maven-3/bin/mvn sonar:sonar -Dsonar.projectKey=mbatch-10 -Dsonar.host.url=http://34.134.27.94:9000 -Dsonar.login=98fc1b062f94255453a2ff7c1bf08fd75bc6e704
[INFO] Scanning for projects...
[WARNING] The POM for org.eclipse.m2e:lifecycle-mapping:jar:1.0.0 is missing, no dependency information available
[WARNING] Failed to retrieve plugin descriptor for org.eclipse.m2e:lifecycle-mapping:1.0.0: Plugin org.eclipse.m2e:lifecycle-mapping:1.0.0 or one of its dependencies could not be resolved: Failure to find org.eclipse.m2e:lifecycle-mapping:jar:1.0.0 in https://repo.maven.apache.org/maven2 was cached in the local repository, resolution will not be reattempted until the update interval of central has elapsed or updates are forced
[INFO] 
[INFO] -----------------------< com.casestudy:bootcamp >-----------------------
[INFO] Building bootcamp 0.0.1-SNAPSHOT
[INFO] --------------------------------[ jar ]---------------------------------
[WARNING] The POM for org.eclipse.m2e:lifecycle-mapping:jar:1.0.0 is missing, no dependency information available
[WARNING] Failed to retrieve plugin descriptor for org.eclipse.m2e:lifecycle-mapping:1.0.0: Plugin org.eclipse.m2e:lifecycle-mapping:1.0.0 or one of its dependencies could not be resolved: Failure to find org.eclipse.m2e:lifecycle-mapping:jar:1.0.0 in https://repo.maven.apache.org/maven2 was cached in the local repository, resolution will not be reattempted until the update interval of central has elapsed or updates are forced
[INFO] 
[INFO] --- sonar-maven-plugin:3.9.0.2155:sonar (default-cli) @ bootcamp ---
[INFO] User cache: /var/lib/jenkins/.sonar/cache
[INFO] SonarQube version: 8.7.0
[INFO] Default locale: "en", source code encoding: "UTF-8"
[WARNING] SonarScanner will require Java 11 to run starting in SonarQube 9.x
[INFO] Load global settings
[INFO] Load global settings (done) | time=116ms
[INFO] Server id: FB4B1083-AXm8L0CNmmYB7AmTNzJx
[INFO] User cache: /var/lib/jenkins/.sonar/cache
[INFO] Load/download plugins
[INFO] Load plugins index
[INFO] Load plugins index (done) | time=55ms
[INFO] Load/download plugins (done) | time=88ms
[INFO] Process project properties
[INFO] Process project properties (done) | time=143ms
[INFO] Execute project builders
[INFO] Execute project builders (done) | time=8ms
[INFO] Project key: mbatch-10
[INFO] Base dir: /var/lib/jenkins/workspace/case-study-pipeline
[INFO] Working dir: /var/lib/jenkins/workspace/case-study-pipeline/target/sonar
[INFO] Load project settings for component key: 'mbatch-10'
[INFO] Load project settings for component key: 'mbatch-10' (done) | time=20ms
[INFO] Load quality profiles
[INFO] Load quality profiles (done) | time=78ms
[INFO] Auto-configuring with CI 'Jenkins'
[INFO] Load active rules
[INFO] Load active rules (done) | time=1085ms
[INFO] Indexing files...
[INFO] Project configuration:
[INFO] 4 files indexed
[INFO] 0 files ignored because of scm ignore settings
[INFO] Quality profile for java: Sonar way
[INFO] Quality profile for xml: Sonar way
[INFO] ------------- Run sensors on module bootcamp
[INFO] Load metrics repository
[INFO] Load metrics repository (done) | time=20ms
[INFO] Sensor JavaSquidSensor [java]
[INFO] Configured Java source version (sonar.java.source): 8
[INFO] JavaClasspath initialization
[INFO] JavaClasspath initialization (done) | time=30ms
[INFO] JavaTestClasspath initialization
[INFO] JavaTestClasspath initialization (done) | time=9ms
[INFO] Java Main Files AST scan
[INFO] 2 source files to be analyzed
[INFO] Load project repositories
[INFO] Load project repositories (done) | time=22ms
[INFO] 2/2 source files have been analyzed
[INFO] Java Main Files AST scan (done) | time=1563ms
[INFO] Java Test Files AST scan
[INFO] 1 source files to be analyzed
[INFO] 1/1 source files have been analyzed
[INFO] Java Test Files AST scan (done) | time=107ms
[INFO] Java Generated Files AST scan
[INFO] 0 source files to be analyzed
[INFO] Java Generated Files AST scan (done) | time=5ms
[INFO] 0/0 source files have been analyzed
[INFO] Sensor JavaSquidSensor [java] (done) | time=2145ms
[INFO] Sensor CSS Rules [cssfamily]
[INFO] No CSS, PHP, HTML or VueJS files are found in the project. CSS analysis is skipped.
[INFO] Sensor CSS Rules [cssfamily] (done) | time=1ms
[INFO] Sensor JaCoCo XML Report Importer [jacoco]
[INFO] 'sonar.coverage.jacoco.xmlReportPaths' is not defined. Using default locations: target/site/jacoco/jacoco.xml,target/site/jacoco-it/jacoco.xml,build/reports/jacoco/test/jacocoTestReport.xml
[INFO] No report imported, no coverage information will be imported by JaCoCo XML Report Importer
[INFO] Sensor JaCoCo XML Report Importer [jacoco] (done) | time=4ms
[INFO] Sensor C# Properties [csharp]
[INFO] Sensor C# Properties [csharp] (done) | time=2ms
[INFO] Sensor SurefireSensor [java]
[INFO] parsing [/var/lib/jenkins/workspace/case-study-pipeline/target/surefire-reports]
[INFO] Sensor SurefireSensor [java] (done) | time=55ms
[INFO] Sensor JavaXmlSensor [java]
[INFO] 1 source files to be analyzed
[INFO] Sensor JavaXmlSensor [java] (done) | time=150ms
[INFO] Sensor HTML [web]
[INFO] 1/1 source files have been analyzed
[INFO] Sensor HTML [web] (done) | time=7ms
[INFO] Sensor XML Sensor [xml]
[INFO] 1 source files to be analyzed
[INFO] 1/1 source files have been analyzed
[INFO] Sensor XML Sensor [xml] (done) | time=149ms
[INFO] Sensor VB.NET Properties [vbnet]
[INFO] Sensor VB.NET Properties [vbnet] (done) | time=1ms
[INFO] ------------- Run sensors on project
[INFO] Sensor Zero Coverage Sensor
[INFO] Sensor Zero Coverage Sensor (done) | time=8ms
[INFO] Sensor Java CPD Block Indexer
[INFO] Sensor Java CPD Block Indexer (done) | time=20ms
[INFO] CPD Executor 1 file had no CPD blocks
[INFO] CPD Executor Calculating CPD for 1 file
[INFO] CPD Executor CPD calculation finished (done) | time=6ms
[INFO] Analysis report generated in 90ms, dir size=104 KB
[INFO] Analysis report compressed in 27ms, zip size=18 KB
[INFO] Analysis report uploaded in 38ms
[INFO] ANALYSIS SUCCESSFUL, you can browse http://34.134.27.94:9000/dashboard?id=mbatch-10
[INFO] Note that you will be able to access the updated dashboard once the server has processed the submitted analysis report
[INFO] More about the report processing at http://34.134.27.94:9000/api/ce/task?id=AXnY4SW3mazxllGJ1k_l
[INFO] Analysis total time: 5.748 s
[INFO] ------------------------------------------------------------------------
[INFO] BUILD SUCCESS
[INFO] ------------------------------------------------------------------------
[INFO] Total time:  8.259 s
[INFO] Finished at: 2021-06-04T21:15:04Z
[INFO] ------------------------------------------------------------------------
[Pipeline] }
[Pipeline] // stage
[Pipeline] stage
[Pipeline] { (App scan)
[Pipeline] snykSecurity
Snyk installation is UP-TO-DATE
Testing for known issues...
> /var/lib/jenkins/tools/io.snyk.jenkins.tools.SnykInstallation/snyk-install/snyk-linux test --json --severity-threshold=low
Result: 61 known vulnerabilities | 40 dependencies
Remember project for continuous monitoring...
> /var/lib/jenkins/tools/io.snyk.jenkins.tools.SnykInstallation/snyk-install/snyk-linux monitor --json --severity-threshold=low
Explore the snapshot at https://app.snyk.io/org/mrasto/project/ee01c53a-b2d7-48c3-b190-17baafa6b1a7/history/4e700f60-5e7d-4425-bef6-a48f360323b9
Archiving artifacts
[Pipeline] }
[Pipeline] // stage
[Pipeline] stage
[Pipeline] { (Junit tests)
[Pipeline] echo
Executing Regression Test Suits...
[Pipeline] sh
+ /var/lib/jenkins/tools/hudson.tasks.Maven_MavenInstallation/maven-3/bin/mvn test site
[INFO] Scanning for projects...
[INFO] 
[INFO] -----------------------< com.casestudy:bootcamp >-----------------------
[INFO] Building bootcamp 0.0.1-SNAPSHOT
[INFO] --------------------------------[ jar ]---------------------------------
[INFO] 
[INFO] --- maven-resources-plugin:3.1.0:resources (default-resources) @ bootcamp ---
[INFO] Using 'UTF-8' encoding to copy filtered resources.
[INFO] Copying 1 resource
[INFO] Copying 1 resource
[INFO] 
[INFO] --- maven-compiler-plugin:3.8.1:compile (default-compile) @ bootcamp ---
[INFO] Nothing to compile - all classes are up to date
[INFO] 
[INFO] --- maven-resources-plugin:3.1.0:testResources (default-testResources) @ bootcamp ---
[INFO] Using 'UTF-8' encoding to copy filtered resources.
[INFO] skip non existing resourceDirectory /var/lib/jenkins/workspace/case-study-pipeline/src/test/resources
[INFO] 
[INFO] --- maven-compiler-plugin:3.8.1:testCompile (default-testCompile) @ bootcamp ---
[INFO] Nothing to compile - all classes are up to date
[INFO] 
[INFO] --- maven-surefire-plugin:2.22.2:test (default-test) @ bootcamp ---
[INFO] 
[INFO] -------------------------------------------------------
[INFO]  T E S T S
[INFO] -------------------------------------------------------
[INFO] Running com.TestMessageController
21:15:20.638 [main] DEBUG org.springframework.test.context.BootstrapUtils - Instantiating CacheAwareContextLoaderDelegate from class [org.springframework.test.context.cache.DefaultCacheAwareContextLoaderDelegate]
21:15:20.671 [main] DEBUG org.springframework.test.context.BootstrapUtils - Instantiating BootstrapContext using constructor [public org.springframework.test.context.support.DefaultBootstrapContext(java.lang.Class,org.springframework.test.context.CacheAwareContextLoaderDelegate)]
21:15:20.690 [main] DEBUG org.springframework.test.context.BootstrapUtils - Instantiating TestContextBootstrapper for test class [com.TestMessageController] from class [org.springframework.boot.test.context.SpringBootTestContextBootstrapper]
21:15:20.708 [main] INFO org.springframework.boot.test.context.SpringBootTestContextBootstrapper - Neither @ContextConfiguration nor @ContextHierarchy found for test class [com.TestMessageController], using SpringBootContextLoader
21:15:20.712 [main] DEBUG org.springframework.test.context.support.AbstractContextLoader - Did not detect default resource location for test class [com.TestMessageController]: class path resource [com/TestMessageController-context.xml] does not exist
21:15:20.713 [main] DEBUG org.springframework.test.context.support.AbstractContextLoader - Did not detect default resource location for test class [com.TestMessageController]: class path resource [com/TestMessageControllerContext.groovy] does not exist
21:15:20.713 [main] INFO org.springframework.test.context.support.AbstractContextLoader - Could not detect default resource locations for test class [com.TestMessageController]: no resource found for suffixes {-context.xml, Context.groovy}.
21:15:20.714 [main] INFO org.springframework.test.context.support.AnnotationConfigContextLoaderUtils - Could not detect default configuration classes for test class [com.TestMessageController]: TestMessageController does not declare any static, non-private, non-final, nested classes annotated with @Configuration.
21:15:20.760 [main] DEBUG org.springframework.test.context.support.ActiveProfilesUtils - Could not find an 'annotation declaring class' for annotation type [org.springframework.test.context.ActiveProfiles] and class [com.TestMessageController]
21:15:20.851 [main] DEBUG org.springframework.context.annotation.ClassPathScanningCandidateComponentProvider - Identified candidate component class: file [/var/lib/jenkins/workspace/case-study-pipeline/target/classes/com/Application.class]
21:15:20.855 [main] INFO org.springframework.boot.test.context.SpringBootTestContextBootstrapper - Found @SpringBootConfiguration com.Application for test class com.TestMessageController
21:15:20.943 [main] DEBUG org.springframework.boot.test.context.SpringBootTestContextBootstrapper - @TestExecutionListeners is not present for class [com.TestMessageController]: using defaults.
21:15:20.944 [main] INFO org.springframework.boot.test.context.SpringBootTestContextBootstrapper - Loaded default TestExecutionListener class names from location [META-INF/spring.factories]: [org.springframework.boot.test.mock.mockito.MockitoTestExecutionListener, org.springframework.boot.test.mock.mockito.ResetMocksTestExecutionListener, org.springframework.boot.test.autoconfigure.restdocs.RestDocsTestExecutionListener, org.springframework.boot.test.autoconfigure.web.client.MockRestServiceServerResetTestExecutionListener, org.springframework.boot.test.autoconfigure.web.servlet.MockMvcPrintOnlyOnFailureTestExecutionListener, org.springframework.boot.test.autoconfigure.web.servlet.WebDriverTestExecutionListener, org.springframework.test.context.web.ServletTestExecutionListener, org.springframework.test.context.support.DirtiesContextBeforeModesTestExecutionListener, org.springframework.test.context.support.DependencyInjectionTestExecutionListener, org.springframework.test.context.support.DirtiesContextTestExecutionListener, org.springframework.test.context.transaction.TransactionalTestExecutionListener, org.springframework.test.context.jdbc.SqlScriptsTestExecutionListener]
21:15:20.959 [main] DEBUG org.springframework.boot.test.context.SpringBootTestContextBootstrapper - Skipping candidate TestExecutionListener [org.springframework.test.context.transaction.TransactionalTestExecutionListener] due to a missing dependency. Specify custom listener classes or make the default listener classes and their required dependencies available. Offending class: [org/springframework/transaction/interceptor/TransactionAttributeSource]
21:15:20.961 [main] DEBUG org.springframework.boot.test.context.SpringBootTestContextBootstrapper - Skipping candidate TestExecutionListener [org.springframework.test.context.jdbc.SqlScriptsTestExecutionListener] due to a missing dependency. Specify custom listener classes or make the default listener classes and their required dependencies available. Offending class: [org/springframework/transaction/interceptor/TransactionAttribute]
21:15:20.963 [main] INFO org.springframework.boot.test.context.SpringBootTestContextBootstrapper - Using TestExecutionListeners: [org.springframework.test.context.web.ServletTestExecutionListener@7c83dc97, org.springframework.test.context.support.DirtiesContextBeforeModesTestExecutionListener@7748410a, org.springframework.boot.test.mock.mockito.MockitoTestExecutionListener@740773a3, org.springframework.boot.test.autoconfigure.SpringBootDependencyInjectionTestExecutionListener@37f1104d, org.springframework.test.context.support.DirtiesContextTestExecutionListener@55740540, org.springframework.boot.test.mock.mockito.ResetMocksTestExecutionListener@60015ef5, org.springframework.boot.test.autoconfigure.restdocs.RestDocsTestExecutionListener@2f54a33d, org.springframework.boot.test.autoconfigure.web.client.MockRestServiceServerResetTestExecutionListener@1018bde2, org.springframework.boot.test.autoconfigure.web.servlet.MockMvcPrintOnlyOnFailureTestExecutionListener@65b3f4a4, org.springframework.boot.test.autoconfigure.web.servlet.WebDriverTestExecutionListener@f2ff811]
21:15:20.969 [main] DEBUG org.springframework.test.context.support.AbstractDirtiesContextTestExecutionListener - Before test class: context [DefaultTestContext@236e3f4e testClass = TestMessageController, testInstance = [null], testMethod = [null], testException = [null], mergedContextConfiguration = [WebMergedContextConfiguration@3cc1435c testClass = TestMessageController, locations = '{}', classes = '{class com.Application}', contextInitializerClasses = '[]', activeProfiles = '{}', propertySourceLocations = '{}', propertySourceProperties = '{org.springframework.boot.test.context.SpringBootTestContextBootstrapper=true}', contextCustomizers = set[org.springframework.boot.test.context.filter.ExcludeFilterContextCustomizer@45f45fa1, org.springframework.boot.test.json.DuplicateJsonObjectContextCustomizerFactory$DuplicateJsonObjectContextCustomizer@52e677af, org.springframework.boot.test.mock.mockito.MockitoContextCustomizer@0, org.springframework.boot.test.web.client.TestRestTemplateContextCustomizer@2aece37d, org.springframework.boot.test.autoconfigure.properties.PropertyMappingContextCustomizer@0, org.springframework.boot.test.autoconfigure.web.servlet.WebDriverContextCustomizerFactory$Customizer@3d299e3], resourceBasePath = 'src/main/webapp', contextLoader = 'org.springframework.boot.test.context.SpringBootContextLoader', parent = [null]], attributes = map['org.springframework.test.context.web.ServletTestExecutionListener.activateListener' -> true]], class annotated with @DirtiesContext [false] with mode [null].
21:15:21.006 [main] DEBUG org.springframework.test.context.support.TestPropertySourceUtils - Adding inlined properties to environment: {spring.jmx.enabled=false, org.springframework.boot.test.context.SpringBootTestContextBootstrapper=true, server.port=-1}

  .   ____          _            __ _ _
 /\\ / ___'_ __ _ _(_)_ __  __ _ \ \ \ \
( ( )\___ | '_ | '_| | '_ \/ _` | \ \ \ \
 \\/  ___)| |_)| | | | | || (_| |  ) ) ) )
  '  |____| .__|_| |_|_| |_\__, | / / / /
 =========|_|==============|___/=/_/_/_/
 :: Spring Boot ::        (v2.1.7.RELEASE)

2021-06-04 21:15:21.276  INFO 32347 --- [           main] com.TestMessageController                : Starting TestMessageController on ansivle-devops with PID 32347 (started by jenkins in /var/lib/jenkins/workspace/case-study-pipeline)
2021-06-04 21:15:21.292  INFO 32347 --- [           main] com.TestMessageController                : No active profile set, falling back to default profiles: default
2021-06-04 21:15:23.811  INFO 32347 --- [           main] o.s.s.concurrent.ThreadPoolTaskExecutor  : Initializing ExecutorService 'applicationTaskExecutor'
2021-06-04 21:15:23.940  INFO 32347 --- [           main] o.s.b.a.w.s.WelcomePageHandlerMapping    : Adding welcome page: class path resource [static/index.html]
2021-06-04 21:15:24.103  INFO 32347 --- [           main] com.TestMessageController                : Started TestMessageController in 3.087 seconds (JVM running for 4.016)
2021-06-04 21:15:24.342  INFO 32347 --- [           main] com.MessageController                    : hello, its an info
2021-06-04 21:15:24.355  INFO 32347 --- [           main] com.MessageController                    : hello from test app1
[INFO] Tests run: 2, Failures: 0, Errors: 0, Skipped: 0, Time elapsed: 3.784 s - in com.TestMessageController
2021-06-04 21:15:24.395  INFO 32347 --- [       Thread-2] o.s.s.concurrent.ThreadPoolTaskExecutor  : Shutting down ExecutorService 'applicationTaskExecutor'
[INFO] 
[INFO] Results:
[INFO] 
[INFO] Tests run: 2, Failures: 0, Errors: 0, Skipped: 0
[INFO] 
[INFO] 
[INFO] --- maven-site-plugin:3.7.1:site (default-site) @ bootcamp ---
[WARNING] Report plugin org.apache.maven.plugins:maven-project-info-reports-plugin has an empty version.
[WARNING] 
[WARNING] It is highly recommended to fix these problems because they threaten the stability of your build.
[WARNING] 
[WARNING] For this reason, future Maven versions might no longer support building such malformed projects.
[INFO] configuring report plugin org.apache.maven.plugins:maven-project-info-reports-plugin:3.1.2
[INFO] 15 reports detected for maven-project-info-reports-plugin:3.1.2: ci-management, dependencies, dependency-info, dependency-management, distribution-management, index, issue-management, licenses, mailing-lists, modules, plugin-management, plugins, scm, summary, team
[INFO] Rendering site with default locale English (en)
[WARNING] Unable to find a URL to the parent project. The parent menu will NOT be added.
[INFO] Relativizing decoration links with respect to localized project URL: https://projects.spring.io/spring-boot/#/spring-boot-starter-parent/bootcamp
[INFO] Rendering content with org.apache.maven.skins:maven-default-skin:jar:1.2 skin.
[INFO] Generating "Dependencies" report  --- maven-project-info-reports-plugin:3.1.2:dependencies
[INFO] Generating "Dependency Information" report --- maven-project-info-reports-plugin:3.1.2:dependency-info
[INFO] Generating "Dependency Management" report --- maven-project-info-reports-plugin:3.1.2:dependency-management
[WARNING] Unable to create Maven project for com.fasterxml.jackson.module:jackson-module-scala_2.10:jar:2.9.9 from repository.
[WARNING] Unable to create Maven project for com.fasterxml.jackson.module:jackson-module-scala_2.11:jar:2.9.9 from repository.
[WARNING] Unable to create Maven project for com.fasterxml.jackson.module:jackson-module-scala_2.12:jar:2.9.9 from repository.
[WARNING] Unable to create Maven project for org.postgresql:postgresql:jar:42.2.6 from repository.
[INFO] Generating "About" report         --- maven-project-info-reports-plugin:3.1.2:index
[INFO] Generating "Licenses" report      --- maven-project-info-reports-plugin:3.1.2:licenses
[INFO] Generating "Plugin Management" report --- maven-project-info-reports-plugin:3.1.2:plugin-management
[INFO] Could not build project for: lifecycle-mapping:Error resolving project artifact: Failure to find org.eclipse.m2e:lifecycle-mapping:pom:1.0.0 in https://repo.maven.apache.org/maven2 was cached in the local repository, resolution will not be reattempted until the update interval of central has elapsed or updates are forced for project org.eclipse.m2e:lifecycle-mapping:pom:1.0.0
org.apache.maven.project.ProjectBuildingException: Error resolving project artifact: Failure to find org.eclipse.m2e:lifecycle-mapping:pom:1.0.0 in https://repo.maven.apache.org/maven2 was cached in the local repository, resolution will not be reattempted until the update interval of central has elapsed or updates are forced for project org.eclipse.m2e:lifecycle-mapping:pom:1.0.0
    at org.apache.maven.project.DefaultProjectBuilder.build (DefaultProjectBuilder.java:330)
    at org.apache.maven.project.DefaultProjectBuilder.build (DefaultProjectBuilder.java:299)
    at org.apache.maven.report.projectinfo.PluginManagementReport$PluginManagementRenderer.renderSectionPluginManagement (PluginManagementReport.java:230)
    at org.apache.maven.report.projectinfo.PluginManagementReport$PluginManagementRenderer.renderBody (PluginManagementReport.java:192)
    at org.apache.maven.reporting.AbstractMavenReportRenderer.render (AbstractMavenReportRenderer.java:80)
    at org.apache.maven.report.projectinfo.PluginManagementReport.executeReport (PluginManagementReport.java:79)
    at org.apache.maven.reporting.AbstractMavenReport.generate (AbstractMavenReport.java:251)
    at org.apache.maven.plugins.site.render.ReportDocumentRenderer.renderDocument (ReportDocumentRenderer.java:230)
    at org.apache.maven.doxia.siterenderer.DefaultSiteRenderer.render (DefaultSiteRenderer.java:349)
    at org.apache.maven.plugins.site.render.SiteMojo.renderLocale (SiteMojo.java:198)
    at org.apache.maven.plugins.site.render.SiteMojo.execute (SiteMojo.java:147)
    at org.apache.maven.plugin.DefaultBuildPluginManager.executeMojo (DefaultBuildPluginManager.java:137)
    at org.apache.maven.lifecycle.internal.MojoExecutor.execute (MojoExecutor.java:210)
    at org.apache.maven.lifecycle.internal.MojoExecutor.execute (MojoExecutor.java:156)
    at org.apache.maven.lifecycle.internal.MojoExecutor.execute (MojoExecutor.java:148)
    at org.apache.maven.lifecycle.internal.LifecycleModuleBuilder.buildProject (LifecycleModuleBuilder.java:117)
    at org.apache.maven.lifecycle.internal.LifecycleModuleBuilder.buildProject (LifecycleModuleBuilder.java:81)
    at org.apache.maven.lifecycle.internal.builder.singlethreaded.SingleThreadedBuilder.build (SingleThreadedBuilder.java:56)
    at org.apache.maven.lifecycle.internal.LifecycleStarter.execute (LifecycleStarter.java:128)
    at org.apache.maven.DefaultMaven.doExecute (DefaultMaven.java:305)
    at org.apache.maven.DefaultMaven.doExecute (DefaultMaven.java:192)
    at org.apache.maven.DefaultMaven.execute (DefaultMaven.java:105)
    at org.apache.maven.cli.MavenCli.execute (MavenCli.java:957)
    at org.apache.maven.cli.MavenCli.doMain (MavenCli.java:289)
    at org.apache.maven.cli.MavenCli.main (MavenCli.java:193)
    at sun.reflect.NativeMethodAccessorImpl.invoke0 (Native Method)
    at sun.reflect.NativeMethodAccessorImpl.invoke (NativeMethodAccessorImpl.java:62)
    at sun.reflect.DelegatingMethodAccessorImpl.invoke (DelegatingMethodAccessorImpl.java:43)
    at java.lang.reflect.Method.invoke (Method.java:498)
    at org.codehaus.plexus.classworlds.launcher.Launcher.launchEnhanced (Launcher.java:282)
    at org.codehaus.plexus.classworlds.launcher.Launcher.launch (Launcher.java:225)
    at org.codehaus.plexus.classworlds.launcher.Launcher.mainWithExitCode (Launcher.java:406)
    at org.codehaus.plexus.classworlds.launcher.Launcher.main (Launcher.java:347)
Caused by: org.eclipse.aether.resolution.ArtifactResolutionException: Failure to find org.eclipse.m2e:lifecycle-mapping:pom:1.0.0 in https://repo.maven.apache.org/maven2 was cached in the local repository, resolution will not be reattempted until the update interval of central has elapsed or updates are forced
    at org.eclipse.aether.internal.impl.DefaultArtifactResolver.resolve (DefaultArtifactResolver.java:424)
    at org.eclipse.aether.internal.impl.DefaultArtifactResolver.resolveArtifacts (DefaultArtifactResolver.java:229)
    at org.eclipse.aether.internal.impl.DefaultArtifactResolver.resolveArtifact (DefaultArtifactResolver.java:207)
    at org.eclipse.aether.internal.impl.DefaultRepositorySystem.resolveArtifact (DefaultRepositorySystem.java:262)
    at org.apache.maven.project.DefaultProjectBuilder.build (DefaultProjectBuilder.java:318)
    at org.apache.maven.project.DefaultProjectBuilder.build (DefaultProjectBuilder.java:299)
    at org.apache.maven.report.projectinfo.PluginManagementReport$PluginManagementRenderer.renderSectionPluginManagement (PluginManagementReport.java:230)
    at org.apache.maven.report.projectinfo.PluginManagementReport$PluginManagementRenderer.renderBody (PluginManagementReport.java:192)
    at org.apache.maven.reporting.AbstractMavenReportRenderer.render (AbstractMavenReportRenderer.java:80)
    at org.apache.maven.report.projectinfo.PluginManagementReport.executeReport (PluginManagementReport.java:79)
    at org.apache.maven.reporting.AbstractMavenReport.generate (AbstractMavenReport.java:251)
    at org.apache.maven.plugins.site.render.ReportDocumentRenderer.renderDocument (ReportDocumentRenderer.java:230)
    at org.apache.maven.doxia.siterenderer.DefaultSiteRenderer.render (DefaultSiteRenderer.java:349)
    at org.apache.maven.plugins.site.render.SiteMojo.renderLocale (SiteMojo.java:198)
    at org.apache.maven.plugins.site.render.SiteMojo.execute (SiteMojo.java:147)
    at org.apache.maven.plugin.DefaultBuildPluginManager.executeMojo (DefaultBuildPluginManager.java:137)
    at org.apache.maven.lifecycle.internal.MojoExecutor.execute (MojoExecutor.java:210)
    at org.apache.maven.lifecycle.internal.MojoExecutor.execute (MojoExecutor.java:156)
    at org.apache.maven.lifecycle.internal.MojoExecutor.execute (MojoExecutor.java:148)
    at org.apache.maven.lifecycle.internal.LifecycleModuleBuilder.buildProject (LifecycleModuleBuilder.java:117)
    at org.apache.maven.lifecycle.internal.LifecycleModuleBuilder.buildProject (LifecycleModuleBuilder.java:81)
    at org.apache.maven.lifecycle.internal.builder.singlethreaded.SingleThreadedBuilder.build (SingleThreadedBuilder.java:56)
    at org.apache.maven.lifecycle.internal.LifecycleStarter.execute (LifecycleStarter.java:128)
    at org.apache.maven.DefaultMaven.doExecute (DefaultMaven.java:305)
    at org.apache.maven.DefaultMaven.doExecute (DefaultMaven.java:192)
    at org.apache.maven.DefaultMaven.execute (DefaultMaven.java:105)
    at org.apache.maven.cli.MavenCli.execute (MavenCli.java:957)
    at org.apache.maven.cli.MavenCli.doMain (MavenCli.java:289)
    at org.apache.maven.cli.MavenCli.main (MavenCli.java:193)
    at sun.reflect.NativeMethodAccessorImpl.invoke0 (Native Method)
    at sun.reflect.NativeMethodAccessorImpl.invoke (NativeMethodAccessorImpl.java:62)
    at sun.reflect.DelegatingMethodAccessorImpl.invoke (DelegatingMethodAccessorImpl.java:43)
    at java.lang.reflect.Method.invoke (Method.java:498)
    at org.codehaus.plexus.classworlds.launcher.Launcher.launchEnhanced (Launcher.java:282)
    at org.codehaus.plexus.classworlds.launcher.Launcher.launch (Launcher.java:225)
    at org.codehaus.plexus.classworlds.launcher.Launcher.mainWithExitCode (Launcher.java:406)
    at org.codehaus.plexus.classworlds.launcher.Launcher.main (Launcher.java:347)
Caused by: org.eclipse.aether.transfer.ArtifactNotFoundException: Failure to find org.eclipse.m2e:lifecycle-mapping:pom:1.0.0 in https://repo.maven.apache.org/maven2 was cached in the local repository, resolution will not be reattempted until the update interval of central has elapsed or updates are forced
    at org.eclipse.aether.internal.impl.DefaultUpdateCheckManager.newException (DefaultUpdateCheckManager.java:218)
    at org.eclipse.aether.internal.impl.DefaultUpdateCheckManager.checkArtifact (DefaultUpdateCheckManager.java:193)
    at org.eclipse.aether.internal.impl.DefaultArtifactResolver.gatherDownloads (DefaultArtifactResolver.java:559)
    at org.eclipse.aether.internal.impl.DefaultArtifactResolver.performDownloads (DefaultArtifactResolver.java:483)
    at org.eclipse.aether.internal.impl.DefaultArtifactResolver.resolve (DefaultArtifactResolver.java:401)
    at org.eclipse.aether.internal.impl.DefaultArtifactResolver.resolveArtifacts (DefaultArtifactResolver.java:229)
    at org.eclipse.aether.internal.impl.DefaultArtifactResolver.resolveArtifact (DefaultArtifactResolver.java:207)
    at org.eclipse.aether.internal.impl.DefaultRepositorySystem.resolveArtifact (DefaultRepositorySystem.java:262)
    at org.apache.maven.project.DefaultProjectBuilder.build (DefaultProjectBuilder.java:318)
    at org.apache.maven.project.DefaultProjectBuilder.build (DefaultProjectBuilder.java:299)
    at org.apache.maven.report.projectinfo.PluginManagementReport$PluginManagementRenderer.renderSectionPluginManagement (PluginManagementReport.java:230)
    at org.apache.maven.report.projectinfo.PluginManagementReport$PluginManagementRenderer.renderBody (PluginManagementReport.java:192)
    at org.apache.maven.reporting.AbstractMavenReportRenderer.render (AbstractMavenReportRenderer.java:80)
    at org.apache.maven.report.projectinfo.PluginManagementReport.executeReport (PluginManagementReport.java:79)
    at org.apache.maven.reporting.AbstractMavenReport.generate (AbstractMavenReport.java:251)
    at org.apache.maven.plugins.site.render.ReportDocumentRenderer.renderDocument (ReportDocumentRenderer.java:230)
    at org.apache.maven.doxia.siterenderer.DefaultSiteRenderer.render (DefaultSiteRenderer.java:349)
    at org.apache.maven.plugins.site.render.SiteMojo.renderLocale (SiteMojo.java:198)
    at org.apache.maven.plugins.site.render.SiteMojo.execute (SiteMojo.java:147)
    at org.apache.maven.plugin.DefaultBuildPluginManager.executeMojo (DefaultBuildPluginManager.java:137)
    at org.apache.maven.lifecycle.internal.MojoExecutor.execute (MojoExecutor.java:210)
    at org.apache.maven.lifecycle.internal.MojoExecutor.execute (MojoExecutor.java:156)
    at org.apache.maven.lifecycle.internal.MojoExecutor.execute (MojoExecutor.java:148)
    at org.apache.maven.lifecycle.internal.LifecycleModuleBuilder.buildProject (LifecycleModuleBuilder.java:117)
    at org.apache.maven.lifecycle.internal.LifecycleModuleBuilder.buildProject (LifecycleModuleBuilder.java:81)
    at org.apache.maven.lifecycle.internal.builder.singlethreaded.SingleThreadedBuilder.build (SingleThreadedBuilder.java:56)
    at org.apache.maven.lifecycle.internal.LifecycleStarter.execute (LifecycleStarter.java:128)
    at org.apache.maven.DefaultMaven.doExecute (DefaultMaven.java:305)
    at org.apache.maven.DefaultMaven.doExecute (DefaultMaven.java:192)
    at org.apache.maven.DefaultMaven.execute (DefaultMaven.java:105)
    at org.apache.maven.cli.MavenCli.execute (MavenCli.java:957)
    at org.apache.maven.cli.MavenCli.doMain (MavenCli.java:289)
    at org.apache.maven.cli.MavenCli.main (MavenCli.java:193)
    at sun.reflect.NativeMethodAccessorImpl.invoke0 (Native Method)
    at sun.reflect.NativeMethodAccessorImpl.invoke (NativeMethodAccessorImpl.java:62)
    at sun.reflect.DelegatingMethodAccessorImpl.invoke (DelegatingMethodAccessorImpl.java:43)
    at java.lang.reflect.Method.invoke (Method.java:498)
    at org.codehaus.plexus.classworlds.launcher.Launcher.launchEnhanced (Launcher.java:282)
    at org.codehaus.plexus.classworlds.launcher.Launcher.launch (Launcher.java:225)
    at org.codehaus.plexus.classworlds.launcher.Launcher.mainWithExitCode (Launcher.java:406)
    at org.codehaus.plexus.classworlds.launcher.Launcher.main (Launcher.java:347)
[INFO] Generating "Plugins" report       --- maven-project-info-reports-plugin:3.1.2:plugins
[INFO] Generating "Source Code Management" report --- maven-project-info-reports-plugin:3.1.2:scm
[INFO] Generating "Summary" report       --- maven-project-info-reports-plugin:3.1.2:summary
[INFO] Generating "Team" report          --- maven-project-info-reports-plugin:3.1.2:team
[INFO] ------------------------------------------------------------------------
[INFO] BUILD SUCCESS
[INFO] ------------------------------------------------------------------------
[INFO] Total time:  28.538 s
[INFO] Finished at: 2021-06-04T21:15:46Z
[INFO] ------------------------------------------------------------------------
[Pipeline] }
[Pipeline] // stage
[Pipeline] stage
[Pipeline] { (Publish Rreport)
[Pipeline] echo
Publishing HTML report..
[Pipeline] publishHTML
[htmlpublisher] Archiving HTML reports...
[htmlpublisher] Archiving at PROJECT level /var/lib/jenkins/workspace/case-study-pipeline/target/site to /var/lib/jenkins/jobs/case-study-pipeline/htmlreports/HTML_20Report
[Pipeline] }
[Pipeline] // stage
[Pipeline] stage
[Pipeline] { (Build Docker Image)
[Pipeline] echo
Building docker image for bootcamp application ...
[Pipeline] sh
+ /var/lib/jenkins/tools/org.jenkinsci.plugins.docker.commons.tools.DockerTool/docker/bin/docker build -t mrasto/batch-10:1.0 .
Sending build context to Docker daemon  19.33MB

Step 1/4 : FROM java:8
 ---> d23bdf5b1b1b
Step 2/4 : EXPOSE 8888
 ---> Using cache
 ---> bc486aa67939
Step 3/4 : ADD /target/bootcamp-0.0.1-SNAPSHOT.jar bootcamp-0.0.1-SNAPSHOT.jar
 ---> 7b387364d9d1
Step 4/4 : ENTRYPOINT ["java", "-jar", "bootcamp-0.0.1-SNAPSHOT.jar"]
 ---> Running in 59656e232942
Removing intermediate container 59656e232942
 ---> 84542fab006c
Successfully built 84542fab006c
Successfully tagged mrasto/batch-10:1.0
[Pipeline] }
[Pipeline] // stage
[Pipeline] stage
[Pipeline] { (Push Docker Image to Docker Registry)
[Pipeline] echo
Pushing image to docker hub
[Pipeline] withCredentials
Masking supported pattern matches of $dockerHubPwd
[Pipeline] {
[Pipeline] sh
Warning: A secret was passed to "sh" using Groovy String interpolation, which is insecure.
		 Affected argument(s) used the following variable(s): [dockerHubPwd]
		 See https://jenkins.io/redirect/groovy-string-interpolation for details.
+ /var/lib/jenkins/tools/org.jenkinsci.plugins.docker.commons.tools.DockerTool/docker/bin/docker login -u mrasto -p ****
Login Succeeded
[Pipeline] sh
+ /var/lib/jenkins/tools/org.jenkinsci.plugins.docker.commons.tools.DockerTool/docker/bin/docker push mrasto/batch-10:1.0
The push refers to repository [docker.io/mrasto/batch-10]
13bb2977a733: Preparing
35c20f26d188: Preparing
c3fe59dd9556: Preparing
6ed1a81ba5b6: Preparing
a3483ce177ce: Preparing
ce6c8756685b: Preparing
30339f20ced0: Preparing
0eb22bfb707d: Preparing
a2ae92ffcd29: Preparing
ce6c8756685b: Waiting
30339f20ced0: Waiting
0eb22bfb707d: Waiting
a2ae92ffcd29: Waiting
a3483ce177ce: Layer already exists
c3fe59dd9556: Layer already exists
6ed1a81ba5b6: Layer already exists
35c20f26d188: Layer already exists
30339f20ced0: Layer already exists
ce6c8756685b: Layer already exists
0eb22bfb707d: Layer already exists
a2ae92ffcd29: Layer already exists
13bb2977a733: Pushed
1.0: digest: sha256:440ed1d680a91aae261141779f228f03ed4c3bdb9f381a952e842df57262bff2 size: 2212
[Pipeline] }
[Pipeline] // withCredentials
[Pipeline] }
[Pipeline] // stage
[Pipeline] stage
[Pipeline] { (Deploy Application)
[Pipeline] echo
Installing desired software..
[Pipeline] echo
Bring docker service up and running
[Pipeline] echo
Deploying application
[Pipeline] ansiblePlaybook
[case-study-pipeline] $ /usr/bin/ansible-playbook deploy-playbook.yml -i /etc/ansible/hosts --private-key /var/lib/jenkins/workspace/case-study-pipeline/ssh4845303800921403901.key -u manikalv

PLAY [all] *********************************************************************

TASK [Gathering Facts] *********************************************************
ok: [10.128.0.8]

TASK [install maven] ***********************************************************
ok: [10.128.0.8]

TASK [create docker group] *****************************************************
ok: [10.128.0.8]

TASK [add user to group] *******************************************************
ok: [10.128.0.8]

TASK [install packages required by docker] *************************************
ok: [10.128.0.8]

TASK [add docker GPG key] ******************************************************
ok: [10.128.0.8]

TASK [add docker apt repo] *****************************************************
ok: [10.128.0.8]

TASK [install docker] **********************************************************
ok: [10.128.0.8]

TASK [install python dependencies] *********************************************
ok: [10.128.0.8]

TASK [install 'Docker SDK for Python'] *****************************************
ok: [10.128.0.8]

TASK [Get running containers] **************************************************
ok: [10.128.0.8]

TASK [Stop running containers] *************************************************
changed: [10.128.0.8] => (item=bf8bae5132c34b82a1ca683f5cc1bba452d5cd0f7900ca6b62640f91359fe0a0)

TASK [Prune contianer and images] **********************************************
ok: [10.128.0.8]

TASK [Deploy batch10 application] **********************************************
[WARNING]: Consider using 'become', 'become_method', and 'become_user' rather
than running sudo
changed: [10.128.0.8]

PLAY RECAP *********************************************************************
10.128.0.8                 : ok=14   changed=2    unreachable=0    failed=0    skipped=0    rescued=0    ignored=0   

[Pipeline] }
[Pipeline] // stage
[Pipeline] stage
[Pipeline] { (Clean up)
[Pipeline] echo
Cleaning up the workspace...
[Pipeline] cleanWs
[WS-CLEANUP] Deleting project workspace...
[WS-CLEANUP] Deferred wipeout is used...
[WS-CLEANUP] done
[Pipeline] }
[Pipeline] // stage
[Pipeline] }
[Pipeline] // node
[Pipeline] node
Running on Jenkins in /var/lib/jenkins/workspace/case-study-pipeline
[Pipeline] {
[Pipeline] echo
finally gets executed and end an email notification for every build
[Pipeline] emailext (hide)
ERROR: Error accessing files to attach: /var/lib/jenkins/workspace/case-study-pipeline does not exist.
Sending email to: manikarastogigit@gmail.com
[Pipeline] }
[Pipeline] // node
[Pipeline] End of Pipeline
Finished: SUCCESS
